2019-01-25 14:08:05,364 INFO 14284 [egg:logger] init all loggers with options: {"dir":"f:\\personal\\eggDemo\\egg-demo\\logs\\egg-demo","encoding":"utf8","env":"local","level":"INFO","consoleLevel":"INFO","disableConsoleAfterReady":false,"outputJSON":false,"buffer":true,"appLogName":"egg-demo-web.log","coreLogName":"egg-web.log","agentLogName":"egg-agent.log","errorLogName":"common-error.log","coreLogger":{"consoleLevel":"WARN"},"allowDebugAtProd":false,"type":"application"}
2019-01-25 14:08:05,430 INFO 14284 [egg-multipart] stream mode enable
2019-01-25 14:08:05,571 INFO 14284 [egg-static] starting static serve /public/ -> f:\personal\eggDemo\egg-demo\app\public
2019-01-25 14:08:05,580 INFO 14284 [egg-security] use csrf middleware
2019-01-25 14:08:05,581 INFO 14284 [egg-security] use methodnoallow middleware
2019-01-25 14:08:05,582 INFO 14284 [egg-security] use noopen middleware
2019-01-25 14:08:05,584 INFO 14284 [egg-security] use nosniff middleware
2019-01-25 14:08:05,585 INFO 14284 [egg-security] use xssProtection middleware
2019-01-25 14:08:05,586 INFO 14284 [egg-security] use xframe middleware
2019-01-25 14:08:05,587 INFO 14284 [egg-security] use dta middleware
2019-01-25 14:08:05,587 INFO 14284 [egg-security] compose 7 middlewares into one security middleware
2019-01-25 14:08:05,611 INFO 14284 [egg:core] dump config after load, 19ms
2019-01-25 14:08:05,642 INFO 14284 [egg-watcher:application] watcher start success
2019-01-25 14:08:05,651 INFO 14284 [egg:core] dump config after ready, 7ms
2019-01-25 14:09:22,919 INFO 7876 [egg:logger] init all loggers with options: {"dir":"f:\\personal\\eggDemo\\egg-demo\\logs\\egg-demo","encoding":"utf8","env":"local","level":"INFO","consoleLevel":"INFO","disableConsoleAfterReady":false,"outputJSON":false,"buffer":true,"appLogName":"egg-demo-web.log","coreLogName":"egg-web.log","agentLogName":"egg-agent.log","errorLogName":"common-error.log","coreLogger":{"consoleLevel":"WARN"},"allowDebugAtProd":false,"type":"application"}
2019-01-25 14:09:23,046 INFO 7876 [egg-multipart] stream mode enable
2019-01-25 14:09:23,193 INFO 7876 [egg-static] starting static serve /public/ -> f:\personal\eggDemo\egg-demo\app\public
2019-01-25 14:09:23,198 INFO 7876 [egg-security] use csrf middleware
2019-01-25 14:09:23,199 INFO 7876 [egg-security] use methodnoallow middleware
2019-01-25 14:09:23,199 INFO 7876 [egg-security] use noopen middleware
2019-01-25 14:09:23,200 INFO 7876 [egg-security] use nosniff middleware
2019-01-25 14:09:23,201 INFO 7876 [egg-security] use xssProtection middleware
2019-01-25 14:09:23,202 INFO 7876 [egg-security] use xframe middleware
2019-01-25 14:09:23,202 INFO 7876 [egg-security] use dta middleware
2019-01-25 14:09:23,202 INFO 7876 [egg-security] compose 7 middlewares into one security middleware
2019-01-25 14:09:23,218 INFO 7876 [egg:core] dump config after load, 9ms
2019-01-25 14:09:23,232 INFO 7876 [egg-watcher:application] watcher start success
2019-01-25 14:09:23,254 INFO 7876 [egg:core] dump config after ready, 20ms
2019-01-25 14:09:26,067 INFO 15852 [egg:logger] init all loggers with options: {"dir":"f:\\personal\\eggDemo\\egg-demo\\logs\\egg-demo","encoding":"utf8","env":"local","level":"INFO","consoleLevel":"INFO","disableConsoleAfterReady":false,"outputJSON":false,"buffer":true,"appLogName":"egg-demo-web.log","coreLogName":"egg-web.log","agentLogName":"egg-agent.log","errorLogName":"common-error.log","coreLogger":{"consoleLevel":"WARN"},"allowDebugAtProd":false,"type":"application"}
2019-01-25 14:09:26,150 INFO 15852 [egg-multipart] stream mode enable
2019-01-25 14:09:26,405 INFO 15852 [egg-static] starting static serve /public/ -> f:\personal\eggDemo\egg-demo\app\public
2019-01-25 14:09:26,412 INFO 15852 [egg-security] use csrf middleware
2019-01-25 14:09:26,413 INFO 15852 [egg-security] use methodnoallow middleware
2019-01-25 14:09:26,414 INFO 15852 [egg-security] use noopen middleware
2019-01-25 14:09:26,415 INFO 15852 [egg-security] use nosniff middleware
2019-01-25 14:09:26,416 INFO 15852 [egg-security] use xssProtection middleware
2019-01-25 14:09:26,416 INFO 15852 [egg-security] use xframe middleware
2019-01-25 14:09:26,418 INFO 15852 [egg-security] use dta middleware
2019-01-25 14:09:26,418 INFO 15852 [egg-security] compose 7 middlewares into one security middleware
2019-01-25 14:09:26,449 INFO 15852 [egg:core] dump config after load, 23ms
2019-01-25 14:09:26,462 INFO 15852 [egg-watcher:application] watcher start success
2019-01-25 14:09:26,487 INFO 15852 [egg:core] dump config after ready, 23ms
2019-01-25 16:07:41,952 INFO 8856 [egg:logger] init all loggers with options: {"dir":"f:\\personal\\eggDemo\\egg-demo\\logs\\egg-demo","encoding":"utf8","env":"local","level":"INFO","consoleLevel":"INFO","disableConsoleAfterReady":false,"outputJSON":false,"buffer":true,"appLogName":"egg-demo-web.log","coreLogName":"egg-web.log","agentLogName":"egg-agent.log","errorLogName":"common-error.log","coreLogger":{"consoleLevel":"WARN"},"allowDebugAtProd":false,"type":"application"}
2019-01-25 16:07:42,033 INFO 8856 [egg-multipart] stream mode enable
2019-01-25 16:07:42,338 INFO 8856 [egg-static] starting static serve /public/ -> f:\personal\eggDemo\egg-demo\app\public
2019-01-25 16:07:42,343 INFO 8856 [egg-security] use csrf middleware
2019-01-25 16:07:42,345 INFO 8856 [egg-security] use methodnoallow middleware
2019-01-25 16:07:42,346 INFO 8856 [egg-security] use noopen middleware
2019-01-25 16:07:42,347 INFO 8856 [egg-security] use nosniff middleware
2019-01-25 16:07:42,348 INFO 8856 [egg-security] use xssProtection middleware
2019-01-25 16:07:42,349 INFO 8856 [egg-security] use xframe middleware
2019-01-25 16:07:42,349 INFO 8856 [egg-security] use dta middleware
2019-01-25 16:07:42,349 INFO 8856 [egg-security] compose 7 middlewares into one security middleware
2019-01-25 16:07:42,363 INFO 8856 [egg:core] dump config after load, 9ms
2019-01-25 16:07:42,383 INFO 8856 [egg-watcher:application] watcher start success
2019-01-25 16:07:42,392 INFO 8856 [egg:core] dump config after ready, 7ms
2019-01-25 16:09:31,227 INFO 13952 [egg:logger] init all loggers with options: {"dir":"f:\\personal\\eggDemo\\egg-demo\\logs\\egg-demo","encoding":"utf8","env":"local","level":"INFO","consoleLevel":"INFO","disableConsoleAfterReady":false,"outputJSON":false,"buffer":true,"appLogName":"egg-demo-web.log","coreLogName":"egg-web.log","agentLogName":"egg-agent.log","errorLogName":"common-error.log","coreLogger":{"consoleLevel":"WARN"},"allowDebugAtProd":false,"type":"application"}
2019-01-25 16:09:31,287 INFO 13952 [egg-multipart] stream mode enable
2019-01-25 16:09:31,450 INFO 13952 [egg-static] starting static serve /public/ -> f:\personal\eggDemo\egg-demo\app\public
2019-01-25 16:09:31,458 INFO 13952 [egg-security] use csrf middleware
2019-01-25 16:09:31,460 INFO 13952 [egg-security] use methodnoallow middleware
2019-01-25 16:09:31,460 INFO 13952 [egg-security] use noopen middleware
2019-01-25 16:09:31,466 INFO 13952 [egg-security] use nosniff middleware
2019-01-25 16:09:31,467 INFO 13952 [egg-security] use xssProtection middleware
2019-01-25 16:09:31,467 INFO 13952 [egg-security] use xframe middleware
2019-01-25 16:09:31,468 INFO 13952 [egg-security] use dta middleware
2019-01-25 16:09:31,468 INFO 13952 [egg-security] compose 7 middlewares into one security middleware
2019-01-25 16:09:31,502 INFO 13952 [egg:core] dump config after load, 20ms
2019-01-25 16:09:31,524 INFO 13952 [egg-watcher:application] watcher start success
2019-01-25 16:09:31,533 INFO 13952 [egg:core] dump config after ready, 7ms
2019-01-25 16:10:13,506 INFO 18032 [egg:logger] init all loggers with options: {"dir":"f:\\personal\\eggDemo\\egg-demo\\logs\\egg-demo","encoding":"utf8","env":"local","level":"INFO","consoleLevel":"INFO","disableConsoleAfterReady":false,"outputJSON":false,"buffer":true,"appLogName":"egg-demo-web.log","coreLogName":"egg-web.log","agentLogName":"egg-agent.log","errorLogName":"common-error.log","coreLogger":{"consoleLevel":"WARN"},"allowDebugAtProd":false,"type":"application"}
2019-01-25 16:10:13,571 INFO 18032 [egg-multipart] stream mode enable
2019-01-25 16:10:13,704 INFO 18032 [egg-static] starting static serve /public/ -> f:\personal\eggDemo\egg-demo\app\public
2019-01-25 16:10:13,713 INFO 18032 [egg-security] use csrf middleware
2019-01-25 16:10:13,715 INFO 18032 [egg-security] use methodnoallow middleware
2019-01-25 16:10:13,715 INFO 18032 [egg-security] use noopen middleware
2019-01-25 16:10:13,716 INFO 18032 [egg-security] use nosniff middleware
2019-01-25 16:10:13,731 INFO 18032 [egg-security] use xssProtection middleware
2019-01-25 16:10:13,732 INFO 18032 [egg-security] use xframe middleware
2019-01-25 16:10:13,733 INFO 18032 [egg-security] use dta middleware
2019-01-25 16:10:13,733 INFO 18032 [egg-security] compose 7 middlewares into one security middleware
2019-01-25 16:10:13,762 INFO 18032 [egg:core] dump config after load, 21ms
2019-01-25 16:10:13,785 INFO 18032 [egg-watcher:application] watcher start success
2019-01-25 16:10:13,795 INFO 18032 [egg:core] dump config after ready, 8ms
2019-01-25 16:18:45,434 INFO 5676 [egg:logger] init all loggers with options: {"dir":"f:\\personal\\eggDemo\\egg-demo\\logs\\egg-demo","encoding":"utf8","env":"local","level":"INFO","consoleLevel":"INFO","disableConsoleAfterReady":false,"outputJSON":false,"buffer":true,"appLogName":"egg-demo-web.log","coreLogName":"egg-web.log","agentLogName":"egg-agent.log","errorLogName":"common-error.log","coreLogger":{"consoleLevel":"WARN"},"allowDebugAtProd":false,"type":"application"}
2019-01-25 16:18:45,564 INFO 5676 [egg-multipart] stream mode enable
2019-01-25 16:18:45,705 INFO 5676 [egg-static] starting static serve /public/ -> f:\personal\eggDemo\egg-demo\app\public
2019-01-25 16:18:45,710 INFO 5676 [egg-security] use csrf middleware
2019-01-25 16:18:45,712 INFO 5676 [egg-security] use methodnoallow middleware
2019-01-25 16:18:45,712 INFO 5676 [egg-security] use noopen middleware
2019-01-25 16:18:45,713 INFO 5676 [egg-security] use nosniff middleware
2019-01-25 16:18:45,714 INFO 5676 [egg-security] use xssProtection middleware
2019-01-25 16:18:45,715 INFO 5676 [egg-security] use xframe middleware
2019-01-25 16:18:45,716 INFO 5676 [egg-security] use dta middleware
2019-01-25 16:18:45,716 INFO 5676 [egg-security] compose 7 middlewares into one security middleware
2019-01-25 16:18:45,745 INFO 5676 [egg:core] dump config after load, 19ms
2019-01-25 16:18:45,765 INFO 5676 [egg-watcher:application] watcher start success
2019-01-25 16:18:45,776 INFO 5676 [egg:core] dump config after ready, 9ms
2019-01-25 16:27:00,627 INFO 19332 [egg:logger] init all loggers with options: {"dir":"f:\\personal\\eggDemo\\egg-demo\\logs\\egg-demo","encoding":"utf8","env":"local","level":"INFO","consoleLevel":"INFO","disableConsoleAfterReady":false,"outputJSON":false,"buffer":true,"appLogName":"egg-demo-web.log","coreLogName":"egg-web.log","agentLogName":"egg-agent.log","errorLogName":"common-error.log","coreLogger":{"consoleLevel":"WARN"},"allowDebugAtProd":false,"type":"application"}
2019-01-25 16:27:00,680 INFO 19332 [egg-multipart] stream mode enable
2019-01-25 16:27:00,780 INFO 19332 [egg-static] starting static serve /public/ -> f:\personal\eggDemo\egg-demo\app\public
2019-01-25 16:27:00,783 INFO 19332 [egg-security] use csrf middleware
2019-01-25 16:27:00,784 INFO 19332 [egg-security] use methodnoallow middleware
2019-01-25 16:27:00,785 INFO 19332 [egg-security] use noopen middleware
2019-01-25 16:27:00,786 INFO 19332 [egg-security] use nosniff middleware
2019-01-25 16:27:00,786 INFO 19332 [egg-security] use xssProtection middleware
2019-01-25 16:27:00,787 INFO 19332 [egg-security] use xframe middleware
2019-01-25 16:27:00,787 INFO 19332 [egg-security] use dta middleware
2019-01-25 16:27:00,787 INFO 19332 [egg-security] compose 7 middlewares into one security middleware
2019-01-25 16:27:00,804 INFO 19332 [egg:core] dump config after load, 10ms
2019-01-25 16:27:00,818 INFO 19332 [egg-watcher:application] watcher start success
2019-01-25 16:27:00,830 INFO 19332 [egg:core] dump config after ready, 10ms
2019-01-25 16:27:02,438 INFO 14168 [egg:logger] init all loggers with options: {"dir":"f:\\personal\\eggDemo\\egg-demo\\logs\\egg-demo","encoding":"utf8","env":"local","level":"INFO","consoleLevel":"INFO","disableConsoleAfterReady":false,"outputJSON":false,"buffer":true,"appLogName":"egg-demo-web.log","coreLogName":"egg-web.log","agentLogName":"egg-agent.log","errorLogName":"common-error.log","coreLogger":{"consoleLevel":"WARN"},"allowDebugAtProd":false,"type":"application"}
2019-01-25 16:27:02,485 INFO 14168 [egg-multipart] stream mode enable
2019-01-25 16:27:02,586 INFO 14168 [egg-static] starting static serve /public/ -> f:\personal\eggDemo\egg-demo\app\public
2019-01-25 16:27:02,589 INFO 14168 [egg-security] use csrf middleware
2019-01-25 16:27:02,592 INFO 14168 [egg-security] use methodnoallow middleware
2019-01-25 16:27:02,593 INFO 14168 [egg-security] use noopen middleware
2019-01-25 16:27:02,595 INFO 14168 [egg-security] use nosniff middleware
2019-01-25 16:27:02,598 INFO 14168 [egg-security] use xssProtection middleware
2019-01-25 16:27:02,598 INFO 14168 [egg-security] use xframe middleware
2019-01-25 16:27:02,599 INFO 14168 [egg-security] use dta middleware
2019-01-25 16:27:02,599 INFO 14168 [egg-security] compose 7 middlewares into one security middleware
2019-01-25 16:27:02,618 INFO 14168 [egg:core] dump config after load, 14ms
2019-01-25 16:27:02,636 INFO 14168 [egg-watcher:application] watcher start success
2019-01-25 16:27:02,663 INFO 14168 [egg:core] dump config after ready, 23ms
2019-01-25 16:29:59,456 INFO 13544 [egg:logger] init all loggers with options: {"dir":"f:\\personal\\eggDemo\\egg-demo\\logs\\egg-demo","encoding":"utf8","env":"local","level":"INFO","consoleLevel":"INFO","disableConsoleAfterReady":false,"outputJSON":false,"buffer":true,"appLogName":"egg-demo-web.log","coreLogName":"egg-web.log","agentLogName":"egg-agent.log","errorLogName":"common-error.log","coreLogger":{"consoleLevel":"WARN"},"allowDebugAtProd":false,"type":"application"}
2019-01-25 16:29:59,504 INFO 13544 [egg-multipart] stream mode enable
2019-01-25 16:29:59,619 INFO 13544 [egg-static] starting static serve /public/ -> f:\personal\eggDemo\egg-demo\app\public
2019-01-25 16:29:59,624 INFO 13544 [egg-security] use csrf middleware
2019-01-25 16:29:59,625 INFO 13544 [egg-security] use methodnoallow middleware
2019-01-25 16:29:59,626 INFO 13544 [egg-security] use noopen middleware
2019-01-25 16:29:59,627 INFO 13544 [egg-security] use nosniff middleware
2019-01-25 16:29:59,628 INFO 13544 [egg-security] use xssProtection middleware
2019-01-25 16:29:59,628 INFO 13544 [egg-security] use xframe middleware
2019-01-25 16:29:59,630 INFO 13544 [egg-security] use dta middleware
2019-01-25 16:29:59,630 INFO 13544 [egg-security] compose 7 middlewares into one security middleware
2019-01-25 16:29:59,651 INFO 13544 [egg:core] dump config after load, 15ms
2019-01-25 16:29:59,672 INFO 13544 [egg-watcher:application] watcher start success
2019-01-25 16:29:59,699 INFO 13544 [egg:core] dump config after ready, 24ms
2019-01-25 16:30:01,637 INFO 8648 [egg:logger] init all loggers with options: {"dir":"f:\\personal\\eggDemo\\egg-demo\\logs\\egg-demo","encoding":"utf8","env":"local","level":"INFO","consoleLevel":"INFO","disableConsoleAfterReady":false,"outputJSON":false,"buffer":true,"appLogName":"egg-demo-web.log","coreLogName":"egg-web.log","agentLogName":"egg-agent.log","errorLogName":"common-error.log","coreLogger":{"consoleLevel":"WARN"},"allowDebugAtProd":false,"type":"application"}
2019-01-25 16:30:01,707 INFO 8648 [egg-multipart] stream mode enable
2019-01-25 16:30:01,875 INFO 8648 [egg-static] starting static serve /public/ -> f:\personal\eggDemo\egg-demo\app\public
2019-01-25 16:30:01,888 INFO 8648 [egg-security] use csrf middleware
2019-01-25 16:30:01,889 INFO 8648 [egg-security] use methodnoallow middleware
2019-01-25 16:30:01,893 INFO 8648 [egg-security] use noopen middleware
2019-01-25 16:30:01,894 INFO 8648 [egg-security] use nosniff middleware
2019-01-25 16:30:01,895 INFO 8648 [egg-security] use xssProtection middleware
2019-01-25 16:30:01,896 INFO 8648 [egg-security] use xframe middleware
2019-01-25 16:30:01,900 INFO 8648 [egg-security] use dta middleware
2019-01-25 16:30:01,900 INFO 8648 [egg-security] compose 7 middlewares into one security middleware
2019-01-25 16:30:01,926 INFO 8648 [egg:core] dump config after load, 18ms
2019-01-25 16:30:01,943 INFO 8648 [egg-watcher:application] watcher start success
2019-01-25 16:30:01,959 INFO 8648 [egg:core] dump config after ready, 13ms
2019-01-25 16:35:55,899 INFO 17308 [egg:logger] init all loggers with options: {"dir":"f:\\personal\\eggDemo\\egg-demo\\logs\\egg-demo","encoding":"utf8","env":"local","level":"INFO","consoleLevel":"INFO","disableConsoleAfterReady":false,"outputJSON":false,"buffer":true,"appLogName":"egg-demo-web.log","coreLogName":"egg-web.log","agentLogName":"egg-agent.log","errorLogName":"common-error.log","coreLogger":{"consoleLevel":"WARN"},"allowDebugAtProd":false,"type":"application"}
2019-01-25 16:35:55,982 INFO 17308 [egg-multipart] stream mode enable
2019-01-25 16:35:56,111 INFO 17308 [egg-static] starting static serve /public/ -> f:\personal\eggDemo\egg-demo\app\public
2019-01-25 16:35:56,116 INFO 17308 [egg-security] use csrf middleware
2019-01-25 16:35:56,118 INFO 17308 [egg-security] use methodnoallow middleware
2019-01-25 16:35:56,119 INFO 17308 [egg-security] use noopen middleware
2019-01-25 16:35:56,120 INFO 17308 [egg-security] use nosniff middleware
2019-01-25 16:35:56,121 INFO 17308 [egg-security] use xssProtection middleware
2019-01-25 16:35:56,121 INFO 17308 [egg-security] use xframe middleware
2019-01-25 16:35:56,122 INFO 17308 [egg-security] use dta middleware
2019-01-25 16:35:56,122 INFO 17308 [egg-security] compose 7 middlewares into one security middleware
2019-01-25 16:35:56,137 INFO 17308 [egg:core] dump config after load, 8ms
2019-01-25 16:35:56,159 INFO 17308 [egg-watcher:application] watcher start success
2019-01-25 16:35:56,171 INFO 17308 [egg:core] dump config after ready, 9ms
2019-01-25 16:48:42,374 INFO 9132 [egg:logger] init all loggers with options: {"dir":"f:\\personal\\eggDemo\\egg-demo\\logs\\egg-demo","encoding":"utf8","env":"local","level":"INFO","consoleLevel":"INFO","disableConsoleAfterReady":false,"outputJSON":false,"buffer":true,"appLogName":"egg-demo-web.log","coreLogName":"egg-web.log","agentLogName":"egg-agent.log","errorLogName":"common-error.log","coreLogger":{"consoleLevel":"WARN"},"allowDebugAtProd":false,"type":"application"}
2019-01-25 16:48:42,644 INFO 9132 [egg-multipart] stream mode enable
2019-01-25 16:48:43,040 INFO 9132 [egg-static] starting static serve /public/ -> f:\personal\eggDemo\egg-demo\app\public
2019-01-25 16:48:43,060 INFO 9132 [egg-security] use csrf middleware
2019-01-25 16:48:43,061 INFO 9132 [egg-security] use methodnoallow middleware
2019-01-25 16:48:43,062 INFO 9132 [egg-security] use noopen middleware
2019-01-25 16:48:43,069 INFO 9132 [egg-security] use nosniff middleware
2019-01-25 16:48:43,073 INFO 9132 [egg-security] use xssProtection middleware
2019-01-25 16:48:43,074 INFO 9132 [egg-security] use xframe middleware
2019-01-25 16:48:43,074 INFO 9132 [egg-security] use dta middleware
2019-01-25 16:48:43,074 INFO 9132 [egg-security] compose 7 middlewares into one security middleware
2019-01-25 16:48:43,100 INFO 9132 [egg:core] dump config after load, 16ms
2019-01-25 16:48:43,121 INFO 9132 [egg-watcher:application] watcher start success
2019-01-25 16:48:43,140 INFO 9132 [egg:core] dump config after ready, 16ms
2019-01-25 16:51:16,602 INFO 6424 [egg:logger] init all loggers with options: {"dir":"f:\\personal\\eggDemo\\egg-demo\\logs\\egg-demo","encoding":"utf8","env":"local","level":"INFO","consoleLevel":"INFO","disableConsoleAfterReady":false,"outputJSON":false,"buffer":true,"appLogName":"egg-demo-web.log","coreLogName":"egg-web.log","agentLogName":"egg-agent.log","errorLogName":"common-error.log","coreLogger":{"consoleLevel":"WARN"},"allowDebugAtProd":false,"type":"application"}
2019-01-25 16:51:16,680 INFO 6424 [egg-multipart] stream mode enable
2019-01-25 16:51:16,874 INFO 6424 [egg-static] starting static serve /public/ -> f:\personal\eggDemo\egg-demo\app\public
2019-01-25 16:51:16,881 INFO 6424 [egg-security] use csrf middleware
2019-01-25 16:51:16,882 INFO 6424 [egg-security] use methodnoallow middleware
2019-01-25 16:51:16,883 INFO 6424 [egg-security] use noopen middleware
2019-01-25 16:51:16,884 INFO 6424 [egg-security] use nosniff middleware
2019-01-25 16:51:16,885 INFO 6424 [egg-security] use xssProtection middleware
2019-01-25 16:51:16,886 INFO 6424 [egg-security] use xframe middleware
2019-01-25 16:51:16,886 INFO 6424 [egg-security] use dta middleware
2019-01-25 16:51:16,886 INFO 6424 [egg-security] compose 7 middlewares into one security middleware
2019-01-25 16:51:16,922 INFO 6424 [egg:core] dump config after load, 24ms
2019-01-25 16:51:16,939 INFO 6424 [egg-watcher:application] watcher start success
2019-01-25 16:51:16,958 INFO 6424 [egg:core] dump config after ready, 15ms
2019-01-25 16:51:20,008 INFO 10272 [egg:logger] init all loggers with options: {"dir":"f:\\personal\\eggDemo\\egg-demo\\logs\\egg-demo","encoding":"utf8","env":"local","level":"INFO","consoleLevel":"INFO","disableConsoleAfterReady":false,"outputJSON":false,"buffer":true,"appLogName":"egg-demo-web.log","coreLogName":"egg-web.log","agentLogName":"egg-agent.log","errorLogName":"common-error.log","coreLogger":{"consoleLevel":"WARN"},"allowDebugAtProd":false,"type":"application"}
2019-01-25 16:51:20,073 INFO 10272 [egg-multipart] stream mode enable
2019-01-25 16:51:20,195 INFO 10272 [egg-static] starting static serve /public/ -> f:\personal\eggDemo\egg-demo\app\public
2019-01-25 16:51:20,202 INFO 10272 [egg-security] use csrf middleware
2019-01-25 16:51:20,203 INFO 10272 [egg-security] use methodnoallow middleware
2019-01-25 16:51:20,203 INFO 10272 [egg-security] use noopen middleware
2019-01-25 16:51:20,204 INFO 10272 [egg-security] use nosniff middleware
2019-01-25 16:51:20,205 INFO 10272 [egg-security] use xssProtection middleware
2019-01-25 16:51:20,205 INFO 10272 [egg-security] use xframe middleware
2019-01-25 16:51:20,206 INFO 10272 [egg-security] use dta middleware
2019-01-25 16:51:20,206 INFO 10272 [egg-security] compose 7 middlewares into one security middleware
2019-01-25 16:51:20,226 INFO 10272 [egg:core] dump config after load, 15ms
2019-01-25 16:51:20,268 INFO 10272 [egg-watcher:application] watcher start success
2019-01-25 16:51:20,284 INFO 10272 [egg:core] dump config after ready, 14ms
2019-01-25 16:53:30,063 INFO 18056 [egg:logger] init all loggers with options: {"dir":"f:\\personal\\eggDemo\\egg-demo\\logs\\egg-demo","encoding":"utf8","env":"local","level":"INFO","consoleLevel":"INFO","disableConsoleAfterReady":false,"outputJSON":false,"buffer":true,"appLogName":"egg-demo-web.log","coreLogName":"egg-web.log","agentLogName":"egg-agent.log","errorLogName":"common-error.log","coreLogger":{"consoleLevel":"WARN"},"allowDebugAtProd":false,"type":"application"}
2019-01-25 16:53:30,360 INFO 18056 [egg-multipart] stream mode enable
2019-01-25 16:53:30,925 INFO 18056 [egg-static] starting static serve /public/ -> f:\personal\eggDemo\egg-demo\app\public
2019-01-25 16:53:30,966 INFO 18056 [egg-security] use csrf middleware
2019-01-25 16:53:30,967 INFO 18056 [egg-security] use methodnoallow middleware
2019-01-25 16:53:30,968 INFO 18056 [egg-security] use noopen middleware
2019-01-25 16:53:30,978 INFO 18056 [egg-security] use nosniff middleware
2019-01-25 16:53:30,980 INFO 18056 [egg-security] use xssProtection middleware
2019-01-25 16:53:30,983 INFO 18056 [egg-security] use xframe middleware
2019-01-25 16:53:30,984 INFO 18056 [egg-security] use dta middleware
2019-01-25 16:53:30,984 INFO 18056 [egg-security] compose 7 middlewares into one security middleware
2019-01-25 16:53:31,030 INFO 18056 [egg:core] dump config after load, 15ms
2019-01-25 16:53:31,056 INFO 18056 [egg-watcher:application] watcher start success
2019-01-25 16:53:31,095 INFO 18056 [egg:core] dump config after ready, 18ms
2019-01-25 17:00:46,697 INFO 11672 [egg:logger] init all loggers with options: {"dir":"f:\\personal\\eggDemo\\egg-demo\\logs\\egg-demo","encoding":"utf8","env":"local","level":"INFO","consoleLevel":"INFO","disableConsoleAfterReady":false,"outputJSON":false,"buffer":true,"appLogName":"egg-demo-web.log","coreLogName":"egg-web.log","agentLogName":"egg-agent.log","errorLogName":"common-error.log","coreLogger":{"consoleLevel":"WARN"},"allowDebugAtProd":false,"type":"application"}
2019-01-25 17:00:46,778 INFO 11672 [egg-multipart] stream mode enable
2019-01-25 17:00:47,060 INFO 11672 [egg-static] starting static serve /public/ -> f:\personal\eggDemo\egg-demo\app\public
2019-01-25 17:00:47,074 INFO 11672 [egg-security] use csrf middleware
2019-01-25 17:00:47,075 INFO 11672 [egg-security] use methodnoallow middleware
2019-01-25 17:00:47,076 INFO 11672 [egg-security] use noopen middleware
2019-01-25 17:00:47,078 INFO 11672 [egg-security] use nosniff middleware
2019-01-25 17:00:47,078 INFO 11672 [egg-security] use xssProtection middleware
2019-01-25 17:00:47,079 INFO 11672 [egg-security] use xframe middleware
2019-01-25 17:00:47,079 INFO 11672 [egg-security] use dta middleware
2019-01-25 17:00:47,080 INFO 11672 [egg-security] compose 7 middlewares into one security middleware
2019-01-25 17:00:47,093 INFO 11672 [egg:core] dump config after load, 7ms
2019-01-25 17:00:47,129 INFO 11672 [egg-watcher:application] watcher start success
2019-01-25 17:00:47,160 INFO 11672 [egg:core] dump config after ready, 26ms
2019-01-25 17:02:51,724 INFO 16788 [egg:logger] init all loggers with options: {"dir":"F:\\personal\\eggDemo\\egg-demo\\logs\\egg-demo","encoding":"utf8","env":"local","level":"INFO","consoleLevel":"INFO","disableConsoleAfterReady":false,"outputJSON":false,"buffer":true,"appLogName":"egg-demo-web.log","coreLogName":"egg-web.log","agentLogName":"egg-agent.log","errorLogName":"common-error.log","coreLogger":{"consoleLevel":"WARN"},"allowDebugAtProd":false,"type":"application"}
2019-01-25 17:02:51,771 INFO 16788 [egg-multipart] stream mode enable
2019-01-25 17:02:51,873 INFO 16788 [egg-static] starting static serve /public/ -> F:\personal\eggDemo\egg-demo\app\public
2019-01-25 17:02:51,876 INFO 16788 [egg-security] use csrf middleware
2019-01-25 17:02:51,877 INFO 16788 [egg-security] use methodnoallow middleware
2019-01-25 17:02:51,879 INFO 16788 [egg-security] use noopen middleware
2019-01-25 17:02:51,880 INFO 16788 [egg-security] use nosniff middleware
2019-01-25 17:02:51,881 INFO 16788 [egg-security] use xssProtection middleware
2019-01-25 17:02:51,882 INFO 16788 [egg-security] use xframe middleware
2019-01-25 17:02:51,882 INFO 16788 [egg-security] use dta middleware
2019-01-25 17:02:51,882 INFO 16788 [egg-security] compose 7 middlewares into one security middleware
2019-01-25 17:02:51,898 INFO 16788 [egg:core] dump config after load, 8ms
2019-01-25 17:02:51,919 INFO 16788 [egg-watcher:application] watcher start success
2019-01-25 17:02:51,934 INFO 16788 [egg:core] dump config after ready, 12ms
2019-01-25 17:04:06,006 INFO 11288 [egg:logger] init all loggers with options: {"dir":"F:\\personal\\eggDemo\\egg-demo\\logs\\egg-demo","encoding":"utf8","env":"local","level":"INFO","consoleLevel":"INFO","disableConsoleAfterReady":false,"outputJSON":false,"buffer":true,"appLogName":"egg-demo-web.log","coreLogName":"egg-web.log","agentLogName":"egg-agent.log","errorLogName":"common-error.log","coreLogger":{"consoleLevel":"WARN"},"allowDebugAtProd":false,"type":"application"}
2019-01-25 17:04:06,174 INFO 11288 [egg-multipart] stream mode enable
2019-01-25 17:04:06,333 INFO 11288 [egg-static] starting static serve /public/ -> F:\personal\eggDemo\egg-demo\app\public
2019-01-25 17:04:06,357 INFO 11288 [egg-security] use csrf middleware
2019-01-25 17:04:06,358 INFO 11288 [egg-security] use methodnoallow middleware
2019-01-25 17:04:06,359 INFO 11288 [egg-security] use noopen middleware
2019-01-25 17:04:06,361 INFO 11288 [egg-security] use nosniff middleware
2019-01-25 17:04:06,362 INFO 11288 [egg-security] use xssProtection middleware
2019-01-25 17:04:06,362 INFO 11288 [egg-security] use xframe middleware
2019-01-25 17:04:06,363 INFO 11288 [egg-security] use dta middleware
2019-01-25 17:04:06,363 INFO 11288 [egg-security] compose 7 middlewares into one security middleware
2019-01-25 17:04:06,438 INFO 11288 [egg:core] dump config after load, 68ms
2019-01-25 17:04:06,460 INFO 11288 [egg-watcher:application] watcher start success
2019-01-25 17:04:06,547 INFO 11288 [egg:core] dump config after ready, 84ms
2019-01-25 17:04:09,946 INFO 7864 [egg:logger] init all loggers with options: {"dir":"F:\\personal\\eggDemo\\egg-demo\\logs\\egg-demo","encoding":"utf8","env":"local","level":"INFO","consoleLevel":"INFO","disableConsoleAfterReady":false,"outputJSON":false,"buffer":true,"appLogName":"egg-demo-web.log","coreLogName":"egg-web.log","agentLogName":"egg-agent.log","errorLogName":"common-error.log","coreLogger":{"consoleLevel":"WARN"},"allowDebugAtProd":false,"type":"application"}
2019-01-25 17:04:10,031 INFO 7864 [egg-multipart] stream mode enable
2019-01-25 17:04:10,185 INFO 7864 [egg-static] starting static serve /public/ -> F:\personal\eggDemo\egg-demo\app\public
2019-01-25 17:04:10,193 INFO 7864 [egg-security] use csrf middleware
2019-01-25 17:04:10,194 INFO 7864 [egg-security] use methodnoallow middleware
2019-01-25 17:04:10,195 INFO 7864 [egg-security] use noopen middleware
2019-01-25 17:04:10,201 INFO 7864 [egg-security] use nosniff middleware
2019-01-25 17:04:10,207 INFO 7864 [egg-security] use xssProtection middleware
2019-01-25 17:04:10,209 INFO 7864 [egg-security] use xframe middleware
2019-01-25 17:04:10,209 INFO 7864 [egg-security] use dta middleware
2019-01-25 17:04:10,209 INFO 7864 [egg-security] compose 7 middlewares into one security middleware
2019-01-25 17:04:10,229 INFO 7864 [egg:core] dump config after load, 13ms
2019-01-25 17:04:10,255 INFO 7864 [egg-watcher:application] watcher start success
2019-01-25 17:04:10,280 INFO 7864 [egg:core] dump config after ready, 23ms
2019-01-25 17:08:54,796 INFO 17364 [egg:logger] init all loggers with options: {"dir":"F:\\personal\\eggDemo\\egg-demo\\logs\\egg-demo","encoding":"utf8","env":"local","level":"INFO","consoleLevel":"INFO","disableConsoleAfterReady":false,"outputJSON":false,"buffer":true,"appLogName":"egg-demo-web.log","coreLogName":"egg-web.log","agentLogName":"egg-agent.log","errorLogName":"common-error.log","coreLogger":{"consoleLevel":"WARN"},"allowDebugAtProd":false,"type":"application"}
2019-01-25 17:08:54,871 INFO 17364 [egg-multipart] stream mode enable
2019-01-25 17:08:55,008 INFO 17364 [egg-static] starting static serve /public/ -> F:\personal\eggDemo\egg-demo\app\public
2019-01-25 17:08:55,013 INFO 17364 [egg-security] use csrf middleware
2019-01-25 17:08:55,015 INFO 17364 [egg-security] use methodnoallow middleware
2019-01-25 17:08:55,015 INFO 17364 [egg-security] use noopen middleware
2019-01-25 17:08:55,019 INFO 17364 [egg-security] use nosniff middleware
2019-01-25 17:08:55,019 INFO 17364 [egg-security] use xssProtection middleware
2019-01-25 17:08:55,020 INFO 17364 [egg-security] use xframe middleware
2019-01-25 17:08:55,021 INFO 17364 [egg-security] use dta middleware
2019-01-25 17:08:55,021 INFO 17364 [egg-security] compose 7 middlewares into one security middleware
2019-01-25 17:08:55,046 INFO 17364 [egg:core] dump config after load, 19ms
2019-01-25 17:08:55,070 INFO 17364 [egg-watcher:application] watcher start success
2019-01-25 17:08:55,080 INFO 17364 [egg:core] dump config after ready, 7ms
