2019-01-25 14:08:05,430 INFO 14284 [egg-schedule]: register schedule f:\personal\eggDemo\egg-demo\node_modules\egg-logrotator\app\schedule\clean_log.js
2019-01-25 14:08:05,430 INFO 14284 [egg-schedule]: register schedule f:\personal\eggDemo\egg-demo\node_modules\egg-logrotator\app\schedule\rotate_by_file.js
2019-01-25 14:08:05,688 INFO 6808 [Timer] f:\personal\eggDemo\egg-demo\node_modules\egg-logrotator\app\schedule\clean_log.js next time will execute after 35514315ms at 2019-01-26 00:00:00.003
2019-01-25 14:08:05,688 INFO 6808 [Timer] f:\personal\eggDemo\egg-demo\node_modules\egg-logrotator\app\schedule\rotate_by_file.js next time will execute after 35515312ms at 2019-01-26 00:00:01.000
2019-01-25 14:09:23,041 INFO 7876 [egg-schedule]: register schedule f:\personal\eggDemo\egg-demo\node_modules\egg-logrotator\app\schedule\clean_log.js
2019-01-25 14:09:23,043 INFO 7876 [egg-schedule]: register schedule f:\personal\eggDemo\egg-demo\node_modules\egg-logrotator\app\schedule\rotate_by_file.js
2019-01-25 14:09:26,149 INFO 15852 [egg-schedule]: register schedule f:\personal\eggDemo\egg-demo\node_modules\egg-logrotator\app\schedule\clean_log.js
2019-01-25 14:09:26,149 INFO 15852 [egg-schedule]: register schedule f:\personal\eggDemo\egg-demo\node_modules\egg-logrotator\app\schedule\rotate_by_file.js
2019-01-25 16:07:42,420 INFO 15152 [Timer] f:\personal\eggDemo\egg-demo\node_modules\egg-logrotator\app\schedule\clean_log.js next time will execute after 28337583ms at 2019-01-26 00:00:00.003
2019-01-25 16:07:42,420 INFO 15152 [Timer] f:\personal\eggDemo\egg-demo\node_modules\egg-logrotator\app\schedule\rotate_by_file.js next time will execute after 28338580ms at 2019-01-26 00:00:01.000
2019-01-25 16:07:42,032 INFO 8856 [egg-schedule]: register schedule f:\personal\eggDemo\egg-demo\node_modules\egg-logrotator\app\schedule\clean_log.js
2019-01-25 16:07:42,032 INFO 8856 [egg-schedule]: register schedule f:\personal\eggDemo\egg-demo\node_modules\egg-logrotator\app\schedule\rotate_by_file.js
2019-01-25 16:09:31,287 INFO 13952 [egg-schedule]: register schedule f:\personal\eggDemo\egg-demo\node_modules\egg-logrotator\app\schedule\clean_log.js
2019-01-25 16:09:31,287 INFO 13952 [egg-schedule]: register schedule f:\personal\eggDemo\egg-demo\node_modules\egg-logrotator\app\schedule\rotate_by_file.js
2019-01-25 16:09:31,564 INFO 18060 [Timer] f:\personal\eggDemo\egg-demo\node_modules\egg-logrotator\app\schedule\clean_log.js next time will execute after 28228438ms at 2019-01-26 00:00:00.002
2019-01-25 16:09:31,565 INFO 18060 [Timer] f:\personal\eggDemo\egg-demo\node_modules\egg-logrotator\app\schedule\rotate_by_file.js next time will execute after 28229435ms at 2019-01-26 00:00:01.000
2019-01-25 16:10:13,826 INFO 5056 [Timer] f:\personal\eggDemo\egg-demo\node_modules\egg-logrotator\app\schedule\clean_log.js next time will execute after 28186176ms at 2019-01-26 00:00:00.002
2019-01-25 16:10:13,826 INFO 5056 [Timer] f:\personal\eggDemo\egg-demo\node_modules\egg-logrotator\app\schedule\rotate_by_file.js next time will execute after 28187174ms at 2019-01-26 00:00:01.000
2019-01-25 16:10:13,570 INFO 18032 [egg-schedule]: register schedule f:\personal\eggDemo\egg-demo\node_modules\egg-logrotator\app\schedule\clean_log.js
2019-01-25 16:10:13,570 INFO 18032 [egg-schedule]: register schedule f:\personal\eggDemo\egg-demo\node_modules\egg-logrotator\app\schedule\rotate_by_file.js
2019-01-25 16:18:45,813 INFO 9720 [Timer] f:\personal\eggDemo\egg-demo\node_modules\egg-logrotator\app\schedule\clean_log.js next time will execute after 27674189ms at 2019-01-26 00:00:00.002
2019-01-25 16:18:45,814 INFO 9720 [Timer] f:\personal\eggDemo\egg-demo\node_modules\egg-logrotator\app\schedule\rotate_by_file.js next time will execute after 27675187ms at 2019-01-26 00:00:01.001
2019-01-25 16:18:45,564 INFO 5676 [egg-schedule]: register schedule f:\personal\eggDemo\egg-demo\node_modules\egg-logrotator\app\schedule\clean_log.js
2019-01-25 16:18:45,564 INFO 5676 [egg-schedule]: register schedule f:\personal\eggDemo\egg-demo\node_modules\egg-logrotator\app\schedule\rotate_by_file.js
2019-01-25 16:27:00,679 INFO 19332 [egg-schedule]: register schedule f:\personal\eggDemo\egg-demo\node_modules\egg-logrotator\app\schedule\clean_log.js
2019-01-25 16:27:00,679 INFO 19332 [egg-schedule]: register schedule f:\personal\eggDemo\egg-demo\node_modules\egg-logrotator\app\schedule\rotate_by_file.js
2019-01-25 16:27:02,484 INFO 14168 [egg-schedule]: register schedule f:\personal\eggDemo\egg-demo\node_modules\egg-logrotator\app\schedule\clean_log.js
2019-01-25 16:27:02,484 INFO 14168 [egg-schedule]: register schedule f:\personal\eggDemo\egg-demo\node_modules\egg-logrotator\app\schedule\rotate_by_file.js
2019-01-25 16:29:59,503 INFO 13544 [egg-schedule]: register schedule f:\personal\eggDemo\egg-demo\node_modules\egg-logrotator\app\schedule\clean_log.js
2019-01-25 16:29:59,503 INFO 13544 [egg-schedule]: register schedule f:\personal\eggDemo\egg-demo\node_modules\egg-logrotator\app\schedule\rotate_by_file.js
2019-01-25 16:30:01,706 INFO 8648 [egg-schedule]: register schedule f:\personal\eggDemo\egg-demo\node_modules\egg-logrotator\app\schedule\clean_log.js
2019-01-25 16:30:01,706 INFO 8648 [egg-schedule]: register schedule f:\personal\eggDemo\egg-demo\node_modules\egg-logrotator\app\schedule\rotate_by_file.js
2019-01-25 16:35:55,981 INFO 17308 [egg-schedule]: register schedule f:\personal\eggDemo\egg-demo\node_modules\egg-logrotator\app\schedule\clean_log.js
2019-01-25 16:35:55,981 INFO 17308 [egg-schedule]: register schedule f:\personal\eggDemo\egg-demo\node_modules\egg-logrotator\app\schedule\rotate_by_file.js
2019-01-25 16:35:56,210 INFO 16040 [Timer] f:\personal\eggDemo\egg-demo\node_modules\egg-logrotator\app\schedule\clean_log.js next time will execute after 26643793ms at 2019-01-26 00:00:00.003
2019-01-25 16:35:56,210 INFO 16040 [Timer] f:\personal\eggDemo\egg-demo\node_modules\egg-logrotator\app\schedule\rotate_by_file.js next time will execute after 26644790ms at 2019-01-26 00:00:01.000
2019-01-25 16:48:42,638 INFO 9132 [egg-schedule]: register schedule f:\personal\eggDemo\egg-demo\node_modules\egg-logrotator\app\schedule\clean_log.js
2019-01-25 16:48:42,638 INFO 9132 [egg-schedule]: register schedule f:\personal\eggDemo\egg-demo\node_modules\egg-logrotator\app\schedule\rotate_by_file.js
2019-01-25 16:48:43,169 INFO 14036 [Timer] f:\personal\eggDemo\egg-demo\node_modules\egg-logrotator\app\schedule\clean_log.js next time will execute after 25876833ms at 2019-01-26 00:00:00.002
2019-01-25 16:48:43,170 INFO 14036 [Timer] f:\personal\eggDemo\egg-demo\node_modules\egg-logrotator\app\schedule\rotate_by_file.js next time will execute after 25877831ms at 2019-01-26 00:00:01.001
2019-01-25 16:51:16,679 INFO 6424 [egg-schedule]: register schedule f:\personal\eggDemo\egg-demo\node_modules\egg-logrotator\app\schedule\clean_log.js
2019-01-25 16:51:16,679 INFO 6424 [egg-schedule]: register schedule f:\personal\eggDemo\egg-demo\node_modules\egg-logrotator\app\schedule\rotate_by_file.js
2019-01-25 16:51:20,073 INFO 10272 [egg-schedule]: register schedule f:\personal\eggDemo\egg-demo\node_modules\egg-logrotator\app\schedule\clean_log.js
2019-01-25 16:51:20,073 INFO 10272 [egg-schedule]: register schedule f:\personal\eggDemo\egg-demo\node_modules\egg-logrotator\app\schedule\rotate_by_file.js
2019-01-25 16:53:30,356 INFO 18056 [egg-schedule]: register schedule f:\personal\eggDemo\egg-demo\node_modules\egg-logrotator\app\schedule\clean_log.js
2019-01-25 16:53:30,357 INFO 18056 [egg-schedule]: register schedule f:\personal\eggDemo\egg-demo\node_modules\egg-logrotator\app\schedule\rotate_by_file.js
2019-01-25 16:53:31,116 INFO 7180 [Timer] f:\personal\eggDemo\egg-demo\node_modules\egg-logrotator\app\schedule\clean_log.js next time will execute after 25588886ms at 2019-01-26 00:00:00.002
2019-01-25 16:53:31,116 INFO 7180 [Timer] f:\personal\eggDemo\egg-demo\node_modules\egg-logrotator\app\schedule\rotate_by_file.js next time will execute after 25589884ms at 2019-01-26 00:00:01.000
2019-01-25 17:00:47,181 INFO 16028 [Timer] f:\personal\eggDemo\egg-demo\node_modules\egg-logrotator\app\schedule\clean_log.js next time will execute after 25152821ms at 2019-01-26 00:00:00.002
2019-01-25 17:00:47,182 INFO 16028 [Timer] f:\personal\eggDemo\egg-demo\node_modules\egg-logrotator\app\schedule\rotate_by_file.js next time will execute after 25153819ms at 2019-01-26 00:00:01.001
2019-01-25 17:00:46,777 INFO 11672 [egg-schedule]: register schedule f:\personal\eggDemo\egg-demo\node_modules\egg-logrotator\app\schedule\clean_log.js
2019-01-25 17:00:46,777 INFO 11672 [egg-schedule]: register schedule f:\personal\eggDemo\egg-demo\node_modules\egg-logrotator\app\schedule\rotate_by_file.js
2019-01-25 17:02:51,943 INFO 540 [Timer] F:\personal\eggDemo\egg-demo\node_modules\egg-logrotator\app\schedule\clean_log.js next time will execute after 25028059ms at 2019-01-26 00:00:00.002
2019-01-25 17:02:51,944 INFO 540 [Timer] F:\personal\eggDemo\egg-demo\node_modules\egg-logrotator\app\schedule\rotate_by_file.js next time will execute after 25029057ms at 2019-01-26 00:00:01.001
2019-01-25 17:02:51,770 INFO 16788 [egg-schedule]: register schedule F:\personal\eggDemo\egg-demo\node_modules\egg-logrotator\app\schedule\clean_log.js
2019-01-25 17:02:51,770 INFO 16788 [egg-schedule]: register schedule F:\personal\eggDemo\egg-demo\node_modules\egg-logrotator\app\schedule\rotate_by_file.js
2019-01-25 17:04:06,173 INFO 11288 [egg-schedule]: register schedule F:\personal\eggDemo\egg-demo\node_modules\egg-logrotator\app\schedule\clean_log.js
2019-01-25 17:04:06,173 INFO 11288 [egg-schedule]: register schedule F:\personal\eggDemo\egg-demo\node_modules\egg-logrotator\app\schedule\rotate_by_file.js
2019-01-25 17:04:10,029 INFO 7864 [egg-schedule]: register schedule F:\personal\eggDemo\egg-demo\node_modules\egg-logrotator\app\schedule\clean_log.js
2019-01-25 17:04:10,029 INFO 7864 [egg-schedule]: register schedule F:\personal\eggDemo\egg-demo\node_modules\egg-logrotator\app\schedule\rotate_by_file.js
2019-01-25 17:08:55,096 INFO 19176 [Timer] F:\personal\eggDemo\egg-demo\node_modules\egg-logrotator\app\schedule\clean_log.js next time will execute after 24664907ms at 2019-01-26 00:00:00.003
2019-01-25 17:08:55,096 INFO 19176 [Timer] F:\personal\eggDemo\egg-demo\node_modules\egg-logrotator\app\schedule\rotate_by_file.js next time will execute after 24665904ms at 2019-01-26 00:00:01.000
2019-01-25 17:08:54,871 INFO 17364 [egg-schedule]: register schedule F:\personal\eggDemo\egg-demo\node_modules\egg-logrotator\app\schedule\clean_log.js
2019-01-25 17:08:54,871 INFO 17364 [egg-schedule]: register schedule F:\personal\eggDemo\egg-demo\node_modules\egg-logrotator\app\schedule\rotate_by_file.js
